<?xml version="1.0" encoding="UTF-8"?>
<testng-results ignored="0" total="18" passed="18" failed="0" skipped="0">
  <reporter-output>
  </reporter-output>
  <suite started-at="2024-07-15T14:33:57 IST" name="Suite_2" finished-at="2024-07-15T14:34:26 IST" duration-ms="29254">
    <groups>
    </groups>
    <test started-at="2024-07-15T14:33:57 IST" name="ChromeTest" finished-at="2024-07-15T14:34:20 IST" duration-ms="22971">
      <class name="testNgPack.VerifyForgotPasswordFunctionality">
        <test-method is-config="true" signature="openBrowser(java.lang.String)[pri:0, instance:testNgPack.VerifyForgotPasswordFunctionality@70e02081]" started-at="2024-07-15T14:33:57 IST" name="openBrowser" finished-at="2024-07-15T14:33:59 IST" duration-ms="1737" status="PASS">
          <params>
            <param index="0">
              <value>
                <![CDATA[Chrome]]>
              </value>
            </param>
          </params>
          <reporter-output>
          </reporter-output>
        </test-method> <!-- openBrowser -->
        <test-method is-config="true" signature="CreatePOMObjects()[pri:0, instance:testNgPack.VerifyForgotPasswordFunctionality@70e02081]" started-at="2024-07-15T14:34:00 IST" name="CreatePOMObjects" finished-at="2024-07-15T14:34:00 IST" duration-ms="51" status="PASS">
          <reporter-output>
          </reporter-output>
        </test-method> <!-- CreatePOMObjects -->
        <test-method is-config="true" signature="openLoginPageOrOpenApplication()[pri:0, instance:testNgPack.VerifyForgotPasswordFunctionality@70e02081]" started-at="2024-07-15T14:34:00 IST" name="openLoginPageOrOpenApplication" finished-at="2024-07-15T14:34:02 IST" duration-ms="2370" status="PASS">
          <reporter-output>
          </reporter-output>
        </test-method> <!-- openLoginPageOrOpenApplication -->
        <test-method signature="verifyTextOnForgotPasswordPage()[pri:1, instance:testNgPack.VerifyForgotPasswordFunctionality@70e02081]" started-at="2024-07-15T14:34:02 IST" name="verifyTextOnForgotPasswordPage" finished-at="2024-07-15T14:34:02 IST" duration-ms="122" status="PASS">
          <reporter-output>
          </reporter-output>
        </test-method> <!-- verifyTextOnForgotPasswordPage -->
        <test-method is-config="true" signature="logOutFromApplication(org.testng.ITestResult)[pri:0, instance:testNgPack.VerifyForgotPasswordFunctionality@70e02081]" started-at="2024-07-15T14:34:02 IST" name="logOutFromApplication" finished-at="2024-07-15T14:34:02 IST" duration-ms="3" status="PASS">
          <params>
            <param index="0">
              <value>
                <![CDATA[[TestResult name=verifyTextOnForgotPasswordPage status=SUCCESS method=VerifyForgotPasswordFunctionality.verifyTextOnForgotPasswordPage()[pri:1, instance:testNgPack.VerifyForgotPasswordFunctionality@70e02081] output={null}]]]>
              </value>
            </param>
          </params>
          <reporter-output>
          </reporter-output>
        </test-method> <!-- logOutFromApplication -->
        <test-method is-config="true" signature="openLoginPageOrOpenApplication()[pri:0, instance:testNgPack.VerifyForgotPasswordFunctionality@70e02081]" started-at="2024-07-15T14:34:02 IST" name="openLoginPageOrOpenApplication" finished-at="2024-07-15T14:34:04 IST" duration-ms="1438" status="PASS">
          <reporter-output>
          </reporter-output>
        </test-method> <!-- openLoginPageOrOpenApplication -->
        <test-method signature="verifyCancelButtonOnForgotPasswordPage()[pri:2, instance:testNgPack.VerifyForgotPasswordFunctionality@70e02081]" started-at="2024-07-15T14:34:04 IST" name="verifyCancelButtonOnForgotPasswordPage" finished-at="2024-07-15T14:34:05 IST" duration-ms="884" status="PASS">
          <reporter-output>
          </reporter-output>
        </test-method> <!-- verifyCancelButtonOnForgotPasswordPage -->
        <test-method is-config="true" signature="logOutFromApplication(org.testng.ITestResult)[pri:0, instance:testNgPack.VerifyForgotPasswordFunctionality@70e02081]" started-at="2024-07-15T14:34:05 IST" name="logOutFromApplication" finished-at="2024-07-15T14:34:05 IST" duration-ms="1" status="PASS">
          <params>
            <param index="0">
              <value>
                <![CDATA[[TestResult name=verifyCancelButtonOnForgotPasswordPage status=SUCCESS method=VerifyForgotPasswordFunctionality.verifyCancelButtonOnForgotPasswordPage()[pri:2, instance:testNgPack.VerifyForgotPasswordFunctionality@70e02081] output={null}]]]>
              </value>
            </param>
          </params>
          <reporter-output>
          </reporter-output>
        </test-method> <!-- logOutFromApplication -->
        <test-method is-config="true" signature="openLoginPageOrOpenApplication()[pri:0, instance:testNgPack.VerifyForgotPasswordFunctionality@70e02081]" started-at="2024-07-15T14:34:05 IST" name="openLoginPageOrOpenApplication" finished-at="2024-07-15T14:34:06 IST" duration-ms="1370" status="PASS">
          <reporter-output>
          </reporter-output>
        </test-method> <!-- openLoginPageOrOpenApplication -->
        <test-method signature="verifySearchButtonFunctionalityWithWrongId()[pri:3, instance:testNgPack.VerifyForgotPasswordFunctionality@70e02081]" started-at="2024-07-15T14:34:06 IST" name="verifySearchButtonFunctionalityWithWrongId" finished-at="2024-07-15T14:34:08 IST" duration-ms="2531" status="PASS">
          <reporter-output>
          </reporter-output>
        </test-method> <!-- verifySearchButtonFunctionalityWithWrongId -->
        <test-method is-config="true" signature="logOutFromApplication(org.testng.ITestResult)[pri:0, instance:testNgPack.VerifyForgotPasswordFunctionality@70e02081]" started-at="2024-07-15T14:34:08 IST" name="logOutFromApplication" finished-at="2024-07-15T14:34:08 IST" duration-ms="0" status="PASS">
          <params>
            <param index="0">
              <value>
                <![CDATA[[TestResult name=verifySearchButtonFunctionalityWithWrongId status=SUCCESS method=VerifyForgotPasswordFunctionality.verifySearchButtonFunctionalityWithWrongId()[pri:3, instance:testNgPack.VerifyForgotPasswordFunctionality@70e02081] output={null}]]]>
              </value>
            </param>
          </params>
          <reporter-output>
          </reporter-output>
        </test-method> <!-- logOutFromApplication -->
        <test-method is-config="true" signature="openLoginPageOrOpenApplication()[pri:0, instance:testNgPack.VerifyForgotPasswordFunctionality@70e02081]" started-at="2024-07-15T14:34:08 IST" name="openLoginPageOrOpenApplication" finished-at="2024-07-15T14:34:10 IST" duration-ms="1336" status="PASS">
          <reporter-output>
          </reporter-output>
        </test-method> <!-- openLoginPageOrOpenApplication -->
        <test-method signature="verifySearchButtonFunctionalityWithCorrectId()[pri:4, instance:testNgPack.VerifyForgotPasswordFunctionality@70e02081]" started-at="2024-07-15T14:34:10 IST" name="verifySearchButtonFunctionalityWithCorrectId" finished-at="2024-07-15T14:34:13 IST" duration-ms="2755" status="PASS">
          <reporter-output>
          </reporter-output>
        </test-method> <!-- verifySearchButtonFunctionalityWithCorrectId -->
        <test-method is-config="true" signature="logOutFromApplication(org.testng.ITestResult)[pri:0, instance:testNgPack.VerifyForgotPasswordFunctionality@70e02081]" started-at="2024-07-15T14:34:13 IST" name="logOutFromApplication" finished-at="2024-07-15T14:34:13 IST" duration-ms="0" status="PASS">
          <params>
            <param index="0">
              <value>
                <![CDATA[[TestResult name=verifySearchButtonFunctionalityWithCorrectId status=SUCCESS method=VerifyForgotPasswordFunctionality.verifySearchButtonFunctionalityWithCorrectId()[pri:4, instance:testNgPack.VerifyForgotPasswordFunctionality@70e02081] output={null}]]]>
              </value>
            </param>
          </params>
          <reporter-output>
          </reporter-output>
        </test-method> <!-- logOutFromApplication -->
        <test-method is-config="true" signature="clearObjects()[pri:0, instance:testNgPack.VerifyForgotPasswordFunctionality@70e02081]" started-at="2024-07-15T14:34:13 IST" name="clearObjects" finished-at="2024-07-15T14:34:13 IST" duration-ms="2" status="PASS">
          <reporter-output>
          </reporter-output>
        </test-method> <!-- clearObjects -->
        <test-method is-config="true" signature="closeBrowser()[pri:0, instance:testNgPack.VerifyForgotPasswordFunctionality@70e02081]" started-at="2024-07-15T14:34:20 IST" name="closeBrowser" finished-at="2024-07-15T14:34:20 IST" duration-ms="171" status="PASS">
          <reporter-output>
          </reporter-output>
        </test-method> <!-- closeBrowser -->
      </class> <!-- testNgPack.VerifyForgotPasswordFunctionality -->
      <class name="testNgPack.VerifyLoginAndCreteNewAccFunctionality">
        <test-method is-config="true" signature="openBrowser(java.lang.String)[pri:0, instance:testNgPack.VerifyLoginAndCreteNewAccFunctionality@769d513]" started-at="2024-07-15T14:33:59 IST" name="openBrowser" finished-at="2024-07-15T14:34:00 IST" duration-ms="844" status="PASS">
          <params>
            <param index="0">
              <value>
                <![CDATA[Chrome]]>
              </value>
            </param>
          </params>
          <reporter-output>
          </reporter-output>
        </test-method> <!-- openBrowser -->
        <test-method is-config="true" signature="createPOMObject()[pri:0, instance:testNgPack.VerifyLoginAndCreteNewAccFunctionality@769d513]" started-at="2024-07-15T14:34:00 IST" name="createPOMObject" finished-at="2024-07-15T14:34:00 IST" duration-ms="53" status="PASS">
          <reporter-output>
          </reporter-output>
        </test-method> <!-- createPOMObject -->
        <test-method is-config="true" signature="openLogInPageOnApplication()[pri:0, instance:testNgPack.VerifyLoginAndCreteNewAccFunctionality@769d513]" started-at="2024-07-15T14:34:00 IST" name="openLogInPageOnApplication" finished-at="2024-07-15T14:34:01 IST" duration-ms="1302" status="PASS">
          <reporter-output>
          </reporter-output>
        </test-method> <!-- openLogInPageOnApplication -->
        <test-method signature="verifyLoginFunctionality()[pri:1, instance:testNgPack.VerifyLoginAndCreteNewAccFunctionality@769d513]" started-at="2024-07-15T14:34:01 IST" name="verifyLoginFunctionality" finished-at="2024-07-15T14:34:06 IST" duration-ms="4517" status="PASS">
          <reporter-output>
          </reporter-output>
        </test-method> <!-- verifyLoginFunctionality -->
        <test-method is-config="true" signature="logOutFromApplication(org.testng.ITestResult)[pri:0, instance:testNgPack.VerifyLoginAndCreteNewAccFunctionality@769d513]" started-at="2024-07-15T14:34:06 IST" name="logOutFromApplication" finished-at="2024-07-15T14:34:06 IST" duration-ms="1" status="PASS">
          <params>
            <param index="0">
              <value>
                <![CDATA[[TestResult name=verifyLoginFunctionality status=SUCCESS method=VerifyLoginAndCreteNewAccFunctionality.verifyLoginFunctionality()[pri:1, instance:testNgPack.VerifyLoginAndCreteNewAccFunctionality@769d513] output={null}]]]>
              </value>
            </param>
          </params>
          <reporter-output>
          </reporter-output>
        </test-method> <!-- logOutFromApplication -->
        <test-method is-config="true" signature="openLogInPageOnApplication()[pri:0, instance:testNgPack.VerifyLoginAndCreteNewAccFunctionality@769d513]" started-at="2024-07-15T14:34:06 IST" name="openLogInPageOnApplication" finished-at="2024-07-15T14:34:06 IST" duration-ms="675" status="PASS">
          <reporter-output>
          </reporter-output>
        </test-method> <!-- openLogInPageOnApplication -->
        <test-method signature="creatNewAccFormFunctionality()[pri:2, instance:testNgPack.VerifyLoginAndCreteNewAccFunctionality@769d513]" started-at="2024-07-15T14:34:06 IST" name="creatNewAccFormFunctionality" finished-at="2024-07-15T14:34:20 IST" duration-ms="13188" status="PASS">
          <reporter-output>
          </reporter-output>
        </test-method> <!-- creatNewAccFormFunctionality -->
        <test-method is-config="true" signature="logOutFromApplication(org.testng.ITestResult)[pri:0, instance:testNgPack.VerifyLoginAndCreteNewAccFunctionality@769d513]" started-at="2024-07-15T14:34:20 IST" name="logOutFromApplication" finished-at="2024-07-15T14:34:20 IST" duration-ms="1" status="PASS">
          <params>
            <param index="0">
              <value>
                <![CDATA[[TestResult name=creatNewAccFormFunctionality status=SUCCESS method=VerifyLoginAndCreteNewAccFunctionality.creatNewAccFormFunctionality()[pri:2, instance:testNgPack.VerifyLoginAndCreteNewAccFunctionality@769d513] output={null}]]]>
              </value>
            </param>
          </params>
          <reporter-output>
          </reporter-output>
        </test-method> <!-- logOutFromApplication -->
        <test-method is-config="true" signature="clearObjects()[pri:0, instance:testNgPack.VerifyLoginAndCreteNewAccFunctionality@769d513]" started-at="2024-07-15T14:34:20 IST" name="clearObjects" finished-at="2024-07-15T14:34:20 IST" duration-ms="1" status="PASS">
          <reporter-output>
          </reporter-output>
        </test-method> <!-- clearObjects -->
        <test-method is-config="true" signature="closeBrowser()[pri:0, instance:testNgPack.VerifyLoginAndCreteNewAccFunctionality@769d513]" started-at="2024-07-15T14:34:20 IST" name="closeBrowser" finished-at="2024-07-15T14:34:20 IST" duration-ms="169" status="PASS">
          <reporter-output>
          </reporter-output>
        </test-method> <!-- closeBrowser -->
      </class> <!-- testNgPack.VerifyLoginAndCreteNewAccFunctionality -->
    </test> <!-- ChromeTest -->
    <test started-at="2024-07-15T14:33:57 IST" name="EdgeTest" finished-at="2024-07-15T14:34:23 IST" duration-ms="25672">
      <class name="testNgPack.VerifyForgotPasswordFunctionality">
        <test-method is-config="true" signature="openBrowser(java.lang.String)[pri:0, instance:testNgPack.VerifyForgotPasswordFunctionality@35835fa]" started-at="2024-07-15T14:33:57 IST" name="openBrowser" finished-at="2024-07-15T14:34:01 IST" duration-ms="3861" status="PASS">
          <params>
            <param index="0">
              <value>
                <![CDATA[Edge]]>
              </value>
            </param>
          </params>
          <reporter-output>
          </reporter-output>
        </test-method> <!-- openBrowser -->
        <test-method is-config="true" signature="CreatePOMObjects()[pri:0, instance:testNgPack.VerifyForgotPasswordFunctionality@35835fa]" started-at="2024-07-15T14:34:04 IST" name="CreatePOMObjects" finished-at="2024-07-15T14:34:04 IST" duration-ms="4" status="PASS">
          <reporter-output>
          </reporter-output>
        </test-method> <!-- CreatePOMObjects -->
        <test-method is-config="true" signature="openLoginPageOrOpenApplication()[pri:0, instance:testNgPack.VerifyForgotPasswordFunctionality@35835fa]" started-at="2024-07-15T14:34:04 IST" name="openLoginPageOrOpenApplication" finished-at="2024-07-15T14:34:08 IST" duration-ms="3957" status="PASS">
          <reporter-output>
          </reporter-output>
        </test-method> <!-- openLoginPageOrOpenApplication -->
        <test-method signature="verifyTextOnForgotPasswordPage()[pri:1, instance:testNgPack.VerifyForgotPasswordFunctionality@35835fa]" started-at="2024-07-15T14:34:08 IST" name="verifyTextOnForgotPasswordPage" finished-at="2024-07-15T14:34:08 IST" duration-ms="65" status="PASS">
          <reporter-output>
          </reporter-output>
        </test-method> <!-- verifyTextOnForgotPasswordPage -->
        <test-method is-config="true" signature="logOutFromApplication(org.testng.ITestResult)[pri:0, instance:testNgPack.VerifyForgotPasswordFunctionality@35835fa]" started-at="2024-07-15T14:34:08 IST" name="logOutFromApplication" finished-at="2024-07-15T14:34:08 IST" duration-ms="1" status="PASS">
          <params>
            <param index="0">
              <value>
                <![CDATA[[TestResult name=verifyTextOnForgotPasswordPage status=SUCCESS method=VerifyForgotPasswordFunctionality.verifyTextOnForgotPasswordPage()[pri:1, instance:testNgPack.VerifyForgotPasswordFunctionality@35835fa] output={null}]]]>
              </value>
            </param>
          </params>
          <reporter-output>
          </reporter-output>
        </test-method> <!-- logOutFromApplication -->
        <test-method is-config="true" signature="openLoginPageOrOpenApplication()[pri:0, instance:testNgPack.VerifyForgotPasswordFunctionality@35835fa]" started-at="2024-07-15T14:34:08 IST" name="openLoginPageOrOpenApplication" finished-at="2024-07-15T14:34:11 IST" duration-ms="2435" status="PASS">
          <reporter-output>
          </reporter-output>
        </test-method> <!-- openLoginPageOrOpenApplication -->
        <test-method signature="verifyCancelButtonOnForgotPasswordPage()[pri:2, instance:testNgPack.VerifyForgotPasswordFunctionality@35835fa]" started-at="2024-07-15T14:34:11 IST" name="verifyCancelButtonOnForgotPasswordPage" finished-at="2024-07-15T14:34:12 IST" duration-ms="1026" status="PASS">
          <reporter-output>
          </reporter-output>
        </test-method> <!-- verifyCancelButtonOnForgotPasswordPage -->
        <test-method is-config="true" signature="logOutFromApplication(org.testng.ITestResult)[pri:0, instance:testNgPack.VerifyForgotPasswordFunctionality@35835fa]" started-at="2024-07-15T14:34:12 IST" name="logOutFromApplication" finished-at="2024-07-15T14:34:12 IST" duration-ms="1" status="PASS">
          <params>
            <param index="0">
              <value>
                <![CDATA[[TestResult name=verifyCancelButtonOnForgotPasswordPage status=SUCCESS method=VerifyForgotPasswordFunctionality.verifyCancelButtonOnForgotPasswordPage()[pri:2, instance:testNgPack.VerifyForgotPasswordFunctionality@35835fa] output={null}]]]>
              </value>
            </param>
          </params>
          <reporter-output>
          </reporter-output>
        </test-method> <!-- logOutFromApplication -->
        <test-method is-config="true" signature="openLoginPageOrOpenApplication()[pri:0, instance:testNgPack.VerifyForgotPasswordFunctionality@35835fa]" started-at="2024-07-15T14:34:12 IST" name="openLoginPageOrOpenApplication" finished-at="2024-07-15T14:34:14 IST" duration-ms="2236" status="PASS">
          <reporter-output>
          </reporter-output>
        </test-method> <!-- openLoginPageOrOpenApplication -->
        <test-method signature="verifySearchButtonFunctionalityWithWrongId()[pri:3, instance:testNgPack.VerifyForgotPasswordFunctionality@35835fa]" started-at="2024-07-15T14:34:14 IST" name="verifySearchButtonFunctionalityWithWrongId" finished-at="2024-07-15T14:34:16 IST" duration-ms="2399" status="PASS">
          <reporter-output>
          </reporter-output>
        </test-method> <!-- verifySearchButtonFunctionalityWithWrongId -->
        <test-method is-config="true" signature="logOutFromApplication(org.testng.ITestResult)[pri:0, instance:testNgPack.VerifyForgotPasswordFunctionality@35835fa]" started-at="2024-07-15T14:34:16 IST" name="logOutFromApplication" finished-at="2024-07-15T14:34:16 IST" duration-ms="1" status="PASS">
          <params>
            <param index="0">
              <value>
                <![CDATA[[TestResult name=verifySearchButtonFunctionalityWithWrongId status=SUCCESS method=VerifyForgotPasswordFunctionality.verifySearchButtonFunctionalityWithWrongId()[pri:3, instance:testNgPack.VerifyForgotPasswordFunctionality@35835fa] output={null}]]]>
              </value>
            </param>
          </params>
          <reporter-output>
          </reporter-output>
        </test-method> <!-- logOutFromApplication -->
        <test-method is-config="true" signature="openLoginPageOrOpenApplication()[pri:0, instance:testNgPack.VerifyForgotPasswordFunctionality@35835fa]" started-at="2024-07-15T14:34:16 IST" name="openLoginPageOrOpenApplication" finished-at="2024-07-15T14:34:18 IST" duration-ms="2101" status="PASS">
          <reporter-output>
          </reporter-output>
        </test-method> <!-- openLoginPageOrOpenApplication -->
        <test-method signature="verifySearchButtonFunctionalityWithCorrectId()[pri:4, instance:testNgPack.VerifyForgotPasswordFunctionality@35835fa]" started-at="2024-07-15T14:34:18 IST" name="verifySearchButtonFunctionalityWithCorrectId" finished-at="2024-07-15T14:34:21 IST" duration-ms="2635" status="PASS">
          <reporter-output>
          </reporter-output>
        </test-method> <!-- verifySearchButtonFunctionalityWithCorrectId -->
        <test-method is-config="true" signature="logOutFromApplication(org.testng.ITestResult)[pri:0, instance:testNgPack.VerifyForgotPasswordFunctionality@35835fa]" started-at="2024-07-15T14:34:21 IST" name="logOutFromApplication" finished-at="2024-07-15T14:34:21 IST" duration-ms="0" status="PASS">
          <params>
            <param index="0">
              <value>
                <![CDATA[[TestResult name=verifySearchButtonFunctionalityWithCorrectId status=SUCCESS method=VerifyForgotPasswordFunctionality.verifySearchButtonFunctionalityWithCorrectId()[pri:4, instance:testNgPack.VerifyForgotPasswordFunctionality@35835fa] output={null}]]]>
              </value>
            </param>
          </params>
          <reporter-output>
          </reporter-output>
        </test-method> <!-- logOutFromApplication -->
        <test-method is-config="true" signature="clearObjects()[pri:0, instance:testNgPack.VerifyForgotPasswordFunctionality@35835fa]" started-at="2024-07-15T14:34:21 IST" name="clearObjects" finished-at="2024-07-15T14:34:21 IST" duration-ms="0" status="PASS">
          <reporter-output>
          </reporter-output>
        </test-method> <!-- clearObjects -->
        <test-method is-config="true" signature="closeBrowser()[pri:0, instance:testNgPack.VerifyForgotPasswordFunctionality@35835fa]" started-at="2024-07-15T14:34:22 IST" name="closeBrowser" finished-at="2024-07-15T14:34:22 IST" duration-ms="240" status="PASS">
          <reporter-output>
          </reporter-output>
        </test-method> <!-- closeBrowser -->
      </class> <!-- testNgPack.VerifyForgotPasswordFunctionality -->
      <class name="testNgPack.VerifyLoginAndCreteNewAccFunctionality">
        <test-method is-config="true" signature="openBrowser(java.lang.String)[pri:0, instance:testNgPack.VerifyLoginAndCreteNewAccFunctionality@b8a7e43]" started-at="2024-07-15T14:34:01 IST" name="openBrowser" finished-at="2024-07-15T14:34:04 IST" duration-ms="3369" status="PASS">
          <params>
            <param index="0">
              <value>
                <![CDATA[Edge]]>
              </value>
            </param>
          </params>
          <reporter-output>
          </reporter-output>
        </test-method> <!-- openBrowser -->
        <test-method is-config="true" signature="createPOMObject()[pri:0, instance:testNgPack.VerifyLoginAndCreteNewAccFunctionality@b8a7e43]" started-at="2024-07-15T14:34:04 IST" name="createPOMObject" finished-at="2024-07-15T14:34:04 IST" duration-ms="9" status="PASS">
          <reporter-output>
          </reporter-output>
        </test-method> <!-- createPOMObject -->
        <test-method is-config="true" signature="openLogInPageOnApplication()[pri:0, instance:testNgPack.VerifyLoginAndCreteNewAccFunctionality@b8a7e43]" started-at="2024-07-15T14:34:04 IST" name="openLogInPageOnApplication" finished-at="2024-07-15T14:34:07 IST" duration-ms="2723" status="PASS">
          <reporter-output>
          </reporter-output>
        </test-method> <!-- openLogInPageOnApplication -->
        <test-method signature="verifyLoginFunctionality()[pri:1, instance:testNgPack.VerifyLoginAndCreteNewAccFunctionality@b8a7e43]" started-at="2024-07-15T14:34:07 IST" name="verifyLoginFunctionality" finished-at="2024-07-15T14:34:10 IST" duration-ms="2662" status="PASS">
          <reporter-output>
          </reporter-output>
        </test-method> <!-- verifyLoginFunctionality -->
        <test-method is-config="true" signature="logOutFromApplication(org.testng.ITestResult)[pri:0, instance:testNgPack.VerifyLoginAndCreteNewAccFunctionality@b8a7e43]" started-at="2024-07-15T14:34:10 IST" name="logOutFromApplication" finished-at="2024-07-15T14:34:10 IST" duration-ms="1" status="PASS">
          <params>
            <param index="0">
              <value>
                <![CDATA[[TestResult name=verifyLoginFunctionality status=SUCCESS method=VerifyLoginAndCreteNewAccFunctionality.verifyLoginFunctionality()[pri:1, instance:testNgPack.VerifyLoginAndCreteNewAccFunctionality@b8a7e43] output={null}]]]>
              </value>
            </param>
          </params>
          <reporter-output>
          </reporter-output>
        </test-method> <!-- logOutFromApplication -->
        <test-method is-config="true" signature="openLogInPageOnApplication()[pri:0, instance:testNgPack.VerifyLoginAndCreteNewAccFunctionality@b8a7e43]" started-at="2024-07-15T14:34:10 IST" name="openLogInPageOnApplication" finished-at="2024-07-15T14:34:11 IST" duration-ms="923" status="PASS">
          <reporter-output>
          </reporter-output>
        </test-method> <!-- openLogInPageOnApplication -->
        <test-method signature="creatNewAccFormFunctionality()[pri:2, instance:testNgPack.VerifyLoginAndCreteNewAccFunctionality@b8a7e43]" started-at="2024-07-15T14:34:11 IST" name="creatNewAccFormFunctionality" finished-at="2024-07-15T14:34:22 IST" duration-ms="11609" status="PASS">
          <reporter-output>
          </reporter-output>
        </test-method> <!-- creatNewAccFormFunctionality -->
        <test-method is-config="true" signature="logOutFromApplication(org.testng.ITestResult)[pri:0, instance:testNgPack.VerifyLoginAndCreteNewAccFunctionality@b8a7e43]" started-at="2024-07-15T14:34:22 IST" name="logOutFromApplication" finished-at="2024-07-15T14:34:22 IST" duration-ms="1" status="PASS">
          <params>
            <param index="0">
              <value>
                <![CDATA[[TestResult name=creatNewAccFormFunctionality status=SUCCESS method=VerifyLoginAndCreteNewAccFunctionality.creatNewAccFormFunctionality()[pri:2, instance:testNgPack.VerifyLoginAndCreteNewAccFunctionality@b8a7e43] output={null}]]]>
              </value>
            </param>
          </params>
          <reporter-output>
          </reporter-output>
        </test-method> <!-- logOutFromApplication -->
        <test-method is-config="true" signature="clearObjects()[pri:0, instance:testNgPack.VerifyLoginAndCreteNewAccFunctionality@b8a7e43]" started-at="2024-07-15T14:34:22 IST" name="clearObjects" finished-at="2024-07-15T14:34:22 IST" duration-ms="0" status="PASS">
          <reporter-output>
          </reporter-output>
        </test-method> <!-- clearObjects -->
        <test-method is-config="true" signature="closeBrowser()[pri:0, instance:testNgPack.VerifyLoginAndCreteNewAccFunctionality@b8a7e43]" started-at="2024-07-15T14:34:22 IST" name="closeBrowser" finished-at="2024-07-15T14:34:23 IST" duration-ms="202" status="PASS">
          <reporter-output>
          </reporter-output>
        </test-method> <!-- closeBrowser -->
      </class> <!-- testNgPack.VerifyLoginAndCreteNewAccFunctionality -->
    </test> <!-- EdgeTest -->
    <test started-at="2024-07-15T14:33:57 IST" name="FirefoxTest" finished-at="2024-07-15T14:34:26 IST" duration-ms="29254">
      <class name="testNgPack.VerifyForgotPasswordFunctionality">
        <test-method is-config="true" signature="openBrowser(java.lang.String)[pri:0, instance:testNgPack.VerifyForgotPasswordFunctionality@6136998b]" started-at="2024-07-15T14:33:57 IST" name="openBrowser" finished-at="2024-07-15T14:34:02 IST" duration-ms="4579" status="PASS">
          <params>
            <param index="0">
              <value>
                <![CDATA[Firefox]]>
              </value>
            </param>
          </params>
          <reporter-output>
          </reporter-output>
        </test-method> <!-- openBrowser -->
        <test-method is-config="true" signature="CreatePOMObjects()[pri:0, instance:testNgPack.VerifyForgotPasswordFunctionality@6136998b]" started-at="2024-07-15T14:34:08 IST" name="CreatePOMObjects" finished-at="2024-07-15T14:34:08 IST" duration-ms="2" status="PASS">
          <reporter-output>
          </reporter-output>
        </test-method> <!-- CreatePOMObjects -->
        <test-method is-config="true" signature="openLoginPageOrOpenApplication()[pri:0, instance:testNgPack.VerifyForgotPasswordFunctionality@6136998b]" started-at="2024-07-15T14:34:08 IST" name="openLoginPageOrOpenApplication" finished-at="2024-07-15T14:34:11 IST" duration-ms="3588" status="PASS">
          <reporter-output>
          </reporter-output>
        </test-method> <!-- openLoginPageOrOpenApplication -->
        <test-method signature="verifyTextOnForgotPasswordPage()[pri:1, instance:testNgPack.VerifyForgotPasswordFunctionality@6136998b]" started-at="2024-07-15T14:34:11 IST" name="verifyTextOnForgotPasswordPage" finished-at="2024-07-15T14:34:11 IST" duration-ms="29" status="PASS">
          <reporter-output>
          </reporter-output>
        </test-method> <!-- verifyTextOnForgotPasswordPage -->
        <test-method is-config="true" signature="logOutFromApplication(org.testng.ITestResult)[pri:0, instance:testNgPack.VerifyForgotPasswordFunctionality@6136998b]" started-at="2024-07-15T14:34:11 IST" name="logOutFromApplication" finished-at="2024-07-15T14:34:11 IST" duration-ms="1" status="PASS">
          <params>
            <param index="0">
              <value>
                <![CDATA[[TestResult name=verifyTextOnForgotPasswordPage status=SUCCESS method=VerifyForgotPasswordFunctionality.verifyTextOnForgotPasswordPage()[pri:1, instance:testNgPack.VerifyForgotPasswordFunctionality@6136998b] output={null}]]]>
              </value>
            </param>
          </params>
          <reporter-output>
          </reporter-output>
        </test-method> <!-- logOutFromApplication -->
        <test-method is-config="true" signature="openLoginPageOrOpenApplication()[pri:0, instance:testNgPack.VerifyForgotPasswordFunctionality@6136998b]" started-at="2024-07-15T14:34:11 IST" name="openLoginPageOrOpenApplication" finished-at="2024-07-15T14:34:13 IST" duration-ms="1378" status="PASS">
          <reporter-output>
          </reporter-output>
        </test-method> <!-- openLoginPageOrOpenApplication -->
        <test-method signature="verifyCancelButtonOnForgotPasswordPage()[pri:2, instance:testNgPack.VerifyForgotPasswordFunctionality@6136998b]" started-at="2024-07-15T14:34:13 IST" name="verifyCancelButtonOnForgotPasswordPage" finished-at="2024-07-15T14:34:13 IST" duration-ms="643" status="PASS">
          <reporter-output>
          </reporter-output>
        </test-method> <!-- verifyCancelButtonOnForgotPasswordPage -->
        <test-method is-config="true" signature="logOutFromApplication(org.testng.ITestResult)[pri:0, instance:testNgPack.VerifyForgotPasswordFunctionality@6136998b]" started-at="2024-07-15T14:34:13 IST" name="logOutFromApplication" finished-at="2024-07-15T14:34:13 IST" duration-ms="1" status="PASS">
          <params>
            <param index="0">
              <value>
                <![CDATA[[TestResult name=verifyCancelButtonOnForgotPasswordPage status=SUCCESS method=VerifyForgotPasswordFunctionality.verifyCancelButtonOnForgotPasswordPage()[pri:2, instance:testNgPack.VerifyForgotPasswordFunctionality@6136998b] output={null}]]]>
              </value>
            </param>
          </params>
          <reporter-output>
          </reporter-output>
        </test-method> <!-- logOutFromApplication -->
        <test-method is-config="true" signature="openLoginPageOrOpenApplication()[pri:0, instance:testNgPack.VerifyForgotPasswordFunctionality@6136998b]" started-at="2024-07-15T14:34:13 IST" name="openLoginPageOrOpenApplication" finished-at="2024-07-15T14:34:15 IST" duration-ms="1272" status="PASS">
          <reporter-output>
          </reporter-output>
        </test-method> <!-- openLoginPageOrOpenApplication -->
        <test-method signature="verifySearchButtonFunctionalityWithWrongId()[pri:3, instance:testNgPack.VerifyForgotPasswordFunctionality@6136998b]" started-at="2024-07-15T14:34:15 IST" name="verifySearchButtonFunctionalityWithWrongId" finished-at="2024-07-15T14:34:17 IST" duration-ms="2404" status="PASS">
          <reporter-output>
          </reporter-output>
        </test-method> <!-- verifySearchButtonFunctionalityWithWrongId -->
        <test-method is-config="true" signature="logOutFromApplication(org.testng.ITestResult)[pri:0, instance:testNgPack.VerifyForgotPasswordFunctionality@6136998b]" started-at="2024-07-15T14:34:17 IST" name="logOutFromApplication" finished-at="2024-07-15T14:34:17 IST" duration-ms="1" status="PASS">
          <params>
            <param index="0">
              <value>
                <![CDATA[[TestResult name=verifySearchButtonFunctionalityWithWrongId status=SUCCESS method=VerifyForgotPasswordFunctionality.verifySearchButtonFunctionalityWithWrongId()[pri:3, instance:testNgPack.VerifyForgotPasswordFunctionality@6136998b] output={null}]]]>
              </value>
            </param>
          </params>
          <reporter-output>
          </reporter-output>
        </test-method> <!-- logOutFromApplication -->
        <test-method is-config="true" signature="openLoginPageOrOpenApplication()[pri:0, instance:testNgPack.VerifyForgotPasswordFunctionality@6136998b]" started-at="2024-07-15T14:34:17 IST" name="openLoginPageOrOpenApplication" finished-at="2024-07-15T14:34:18 IST" duration-ms="1315" status="PASS">
          <reporter-output>
          </reporter-output>
        </test-method> <!-- openLoginPageOrOpenApplication -->
        <test-method signature="verifySearchButtonFunctionalityWithCorrectId()[pri:4, instance:testNgPack.VerifyForgotPasswordFunctionality@6136998b]" started-at="2024-07-15T14:34:18 IST" name="verifySearchButtonFunctionalityWithCorrectId" finished-at="2024-07-15T14:34:21 IST" duration-ms="2334" status="PASS">
          <reporter-output>
          </reporter-output>
        </test-method> <!-- verifySearchButtonFunctionalityWithCorrectId -->
        <test-method is-config="true" signature="logOutFromApplication(org.testng.ITestResult)[pri:0, instance:testNgPack.VerifyForgotPasswordFunctionality@6136998b]" started-at="2024-07-15T14:34:21 IST" name="logOutFromApplication" finished-at="2024-07-15T14:34:21 IST" duration-ms="1" status="PASS">
          <params>
            <param index="0">
              <value>
                <![CDATA[[TestResult name=verifySearchButtonFunctionalityWithCorrectId status=SUCCESS method=VerifyForgotPasswordFunctionality.verifySearchButtonFunctionalityWithCorrectId()[pri:4, instance:testNgPack.VerifyForgotPasswordFunctionality@6136998b] output={null}]]]>
              </value>
            </param>
          </params>
          <reporter-output>
          </reporter-output>
        </test-method> <!-- logOutFromApplication -->
        <test-method is-config="true" signature="clearObjects()[pri:0, instance:testNgPack.VerifyForgotPasswordFunctionality@6136998b]" started-at="2024-07-15T14:34:21 IST" name="clearObjects" finished-at="2024-07-15T14:34:21 IST" duration-ms="2" status="PASS">
          <reporter-output>
          </reporter-output>
        </test-method> <!-- clearObjects -->
        <test-method is-config="true" signature="closeBrowser()[pri:0, instance:testNgPack.VerifyForgotPasswordFunctionality@6136998b]" started-at="2024-07-15T14:34:24 IST" name="closeBrowser" finished-at="2024-07-15T14:34:25 IST" duration-ms="1271" status="PASS">
          <reporter-output>
          </reporter-output>
        </test-method> <!-- closeBrowser -->
      </class> <!-- testNgPack.VerifyForgotPasswordFunctionality -->
      <class name="testNgPack.VerifyLoginAndCreteNewAccFunctionality">
        <test-method is-config="true" signature="openBrowser(java.lang.String)[pri:0, instance:testNgPack.VerifyLoginAndCreteNewAccFunctionality@6edcd0d8]" started-at="2024-07-15T14:34:02 IST" name="openBrowser" finished-at="2024-07-15T14:34:08 IST" duration-ms="6253" status="PASS">
          <params>
            <param index="0">
              <value>
                <![CDATA[Firefox]]>
              </value>
            </param>
          </params>
          <reporter-output>
          </reporter-output>
        </test-method> <!-- openBrowser -->
        <test-method is-config="true" signature="createPOMObject()[pri:0, instance:testNgPack.VerifyLoginAndCreteNewAccFunctionality@6edcd0d8]" started-at="2024-07-15T14:34:08 IST" name="createPOMObject" finished-at="2024-07-15T14:34:08 IST" duration-ms="3" status="PASS">
          <reporter-output>
          </reporter-output>
        </test-method> <!-- createPOMObject -->
        <test-method is-config="true" signature="openLogInPageOnApplication()[pri:0, instance:testNgPack.VerifyLoginAndCreteNewAccFunctionality@6edcd0d8]" started-at="2024-07-15T14:34:08 IST" name="openLogInPageOnApplication" finished-at="2024-07-15T14:34:10 IST" duration-ms="2440" status="PASS">
          <reporter-output>
          </reporter-output>
        </test-method> <!-- openLogInPageOnApplication -->
        <test-method signature="verifyLoginFunctionality()[pri:1, instance:testNgPack.VerifyLoginAndCreteNewAccFunctionality@6edcd0d8]" started-at="2024-07-15T14:34:10 IST" name="verifyLoginFunctionality" finished-at="2024-07-15T14:34:12 IST" duration-ms="1339" status="PASS">
          <reporter-output>
          </reporter-output>
        </test-method> <!-- verifyLoginFunctionality -->
        <test-method is-config="true" signature="logOutFromApplication(org.testng.ITestResult)[pri:0, instance:testNgPack.VerifyLoginAndCreteNewAccFunctionality@6edcd0d8]" started-at="2024-07-15T14:34:12 IST" name="logOutFromApplication" finished-at="2024-07-15T14:34:12 IST" duration-ms="1" status="PASS">
          <params>
            <param index="0">
              <value>
                <![CDATA[[TestResult name=verifyLoginFunctionality status=SUCCESS method=VerifyLoginAndCreteNewAccFunctionality.verifyLoginFunctionality()[pri:1, instance:testNgPack.VerifyLoginAndCreteNewAccFunctionality@6edcd0d8] output={null}]]]>
              </value>
            </param>
          </params>
          <reporter-output>
          </reporter-output>
        </test-method> <!-- logOutFromApplication -->
        <test-method is-config="true" signature="openLogInPageOnApplication()[pri:0, instance:testNgPack.VerifyLoginAndCreteNewAccFunctionality@6edcd0d8]" started-at="2024-07-15T14:34:12 IST" name="openLogInPageOnApplication" finished-at="2024-07-15T14:34:12 IST" duration-ms="612" status="PASS">
          <reporter-output>
          </reporter-output>
        </test-method> <!-- openLogInPageOnApplication -->
        <test-method signature="creatNewAccFormFunctionality()[pri:2, instance:testNgPack.VerifyLoginAndCreteNewAccFunctionality@6edcd0d8]" started-at="2024-07-15T14:34:12 IST" name="creatNewAccFormFunctionality" finished-at="2024-07-15T14:34:24 IST" duration-ms="11926" status="PASS">
          <reporter-output>
          </reporter-output>
        </test-method> <!-- creatNewAccFormFunctionality -->
        <test-method is-config="true" signature="logOutFromApplication(org.testng.ITestResult)[pri:0, instance:testNgPack.VerifyLoginAndCreteNewAccFunctionality@6edcd0d8]" started-at="2024-07-15T14:34:24 IST" name="logOutFromApplication" finished-at="2024-07-15T14:34:24 IST" duration-ms="0" status="PASS">
          <params>
            <param index="0">
              <value>
                <![CDATA[[TestResult name=creatNewAccFormFunctionality status=SUCCESS method=VerifyLoginAndCreteNewAccFunctionality.creatNewAccFormFunctionality()[pri:2, instance:testNgPack.VerifyLoginAndCreteNewAccFunctionality@6edcd0d8] output={null}]]]>
              </value>
            </param>
          </params>
          <reporter-output>
          </reporter-output>
        </test-method> <!-- logOutFromApplication -->
        <test-method is-config="true" signature="clearObjects()[pri:0, instance:testNgPack.VerifyLoginAndCreteNewAccFunctionality@6edcd0d8]" started-at="2024-07-15T14:34:24 IST" name="clearObjects" finished-at="2024-07-15T14:34:24 IST" duration-ms="0" status="PASS">
          <reporter-output>
          </reporter-output>
        </test-method> <!-- clearObjects -->
        <test-method is-config="true" signature="closeBrowser()[pri:0, instance:testNgPack.VerifyLoginAndCreteNewAccFunctionality@6edcd0d8]" started-at="2024-07-15T14:34:25 IST" name="closeBrowser" finished-at="2024-07-15T14:34:26 IST" duration-ms="763" status="PASS">
          <reporter-output>
          </reporter-output>
        </test-method> <!-- closeBrowser -->
      </class> <!-- testNgPack.VerifyLoginAndCreteNewAccFunctionality -->
    </test> <!-- FirefoxTest -->
  </suite> <!-- Suite_2 -->
</testng-results>
